<?xml version="1.0" encoding="UTF-8"?>
<testng-results skipped="0" failed="0" total="1" passed="1">
  <reporter-output>
  </reporter-output>
  <suite name="git_test.GIT_Test" duration-ms="13048" started-at="2017-08-09T04:27:26Z" finished-at="2017-08-09T04:27:39Z">
    <groups>
    </groups>
    <test name="Command line test" duration-ms="13048" started-at="2017-08-09T04:27:26Z" finished-at="2017-08-09T04:27:39Z">
      <class name="git_test.GIT_Test">
        <test-method status="PASS" signature="logintest()[pri:0, instance:git_test.GIT_Test@4a1fcb1a]" name="logintest" duration-ms="13029" started-at="2017-08-09T09:57:26Z" finished-at="2017-08-09T09:57:39Z">
          <reporter-output>
          </reporter-output>
        </test-method> <!-- logintest -->
      </class> <!-- git_test.GIT_Test -->
    </test> <!-- Command line test -->
  </suite> <!-- git_test.GIT_Test -->
</testng-results>
