<?xml version="1.0" encoding="UTF-8"?>
<testng-results skipped="0" failed="0" total="1" passed="1">
  <reporter-output>
  </reporter-output>
  <suite name="Default suite" duration-ms="12076" started-at="2017-08-08T03:12:38Z" finished-at="2017-08-08T03:12:50Z">
    <groups>
    </groups>
    <test name="Default test" duration-ms="12076" started-at="2017-08-08T03:12:38Z" finished-at="2017-08-08T03:12:50Z">
      <class name="git_test.GIT_Test">
        <test-method status="PASS" signature="logintest()[pri:0, instance:git_test.GIT_Test@42d80b78]" name="logintest" duration-ms="12060" started-at="2017-08-08T08:42:38Z" finished-at="2017-08-08T08:42:50Z">
          <reporter-output>
          </reporter-output>
        </test-method> <!-- logintest -->
      </class> <!-- git_test.GIT_Test -->
    </test> <!-- Default test -->
  </suite> <!-- Default suite -->
</testng-results>
